<?xml version="1.0" encoding="UTF-8"?>
<!-- Generated by org.testng.reporters.JUnitReportReporter -->
<testsuite hostname="MP13NE4Y" name="testNG.DependenciesManagement" tests="3" failures="0" timestamp="8 Jul 2020 06:50:48 GMT" time="0.030" errors="0">
  <testcase name="addToCart" time="0.002" classname="testNG.DependenciesManagement"/>
  <testcase name="login" time="0.026" classname="testNG.DependenciesManagement"/>
  <testcase name="searchProduct" time="0.002" classname="testNG.DependenciesManagement"/>
</testsuite> <!-- testNG.DependenciesManagement -->
