<?xml version="1.0" encoding="UTF-8"?>
<!-- Generated by org.testng.reporters.JUnitReportReporter -->
<testsuite hostname="MP13NE4Y" name="testNG.SkipATestcase" tests="5" failures="0" timestamp="8 Jul 2020 06:50:48 GMT" time="0.007" errors="0">
  <testcase name="putSecondGear" time="0.002" classname="testNG.SkipATestcase"/>
  <testcase name="putThirdGear" time="0.002" classname="testNG.SkipATestcase"/>
  <testcase name="putFourthGear" time="0.001" classname="testNG.SkipATestcase"/>
  <testcase name="startTheCar" time="0.001" classname="testNG.SkipATestcase"/>
  <testcase name="putFirstGear" time="0.001" classname="testNG.SkipATestcase"/>
</testsuite> <!-- testNG.SkipATestcase -->
