<?xml version="1.0" encoding="UTF-8"?>
<!-- Generated by org.testng.reporters.JUnitReportReporter -->
<testsuite hostname="MP13NE4Y" failures="0" tests="1" name="pageObjects.AssignLeavePage" time="30.040" errors="0" timestamp="25 Jun 2020 12:06:46 GMT">
  <testcase classname="pageObjects.AssignLeavePage" name="login" time="30.040"/>
</testsuite> <!-- pageObjects.AssignLeavePage -->
