<?xml version="1.0" encoding="UTF-8"?>
<!-- Generated by org.testng.reporters.JUnitReportReporter -->
<testsuite hostname="MP13NE4Y" name="testNG.DriveACar" tests="5" failures="0" timestamp="8 Jul 2020 07:29:15 GMT" time="0.085" errors="0">
  <testcase name="putFirstGear" time="0.002" classname="testNG.DriveACar"/>
  <testcase name="startTheCar" time="0.060" classname="testNG.DriveACar"/>
  <testcase name="putSecondGear" time="0.008" classname="testNG.DriveACar"/>
  <testcase name="putThirdGear" time="0.010" classname="testNG.DriveACar"/>
  <testcase name="putFourthGear" time="0.005" classname="testNG.DriveACar"/>
</testsuite> <!-- testNG.DriveACar -->
