<?xml version="1.0" encoding="UTF-8"?>
<!-- Generated by org.testng.reporters.JUnitReportReporter -->
<testsuite hostname="MP13NE4Y" name="testNG.GroupingExaample" tests="4" failures="0" timestamp="8 Jul 2020 07:27:01 GMT" time="0.049" errors="0">
  <testcase name="nokia2" time="0.010" classname="testNG.GroupingExaample"/>
  <testcase name="apple2" time="0.016" classname="testNG.GroupingExaample"/>
  <testcase name="nokia1" time="0.004" classname="testNG.GroupingExaample"/>
  <testcase name="apple1" time="0.019" classname="testNG.GroupingExaample"/>
</testsuite> <!-- testNG.GroupingExaample -->
