<?xml version="1.0" encoding="UTF-8"?>
<!-- Generated by org.testng.reporters.JUnitReportReporter -->
<testsuite hostname="MP13NE4Y" failures="0" tests="1" name="pageObjects.LoginTestCase" time="16.022" errors="0" timestamp="25 Jun 2020 12:40:20 GMT">
  <testcase classname="pageObjects.LoginTestCase" name="login" time="16.022"/>
</testsuite> <!-- pageObjects.LoginTestCase -->
