<?xml version="1.0" encoding="UTF-8"?>
<!-- Generated by org.testng.reporters.JUnitReportReporter -->
<testsuite hostname="MP13NE4Y" name="testNG.ParameterizatonExample" tests="1" failures="0" timestamp="8 Jul 2020 07:45:13 GMT" time="0.027" errors="0">
  <testcase name="printName" time="0.027" classname="testNG.ParameterizatonExample"/>
</testsuite> <!-- testNG.ParameterizatonExample -->
