<?xml version="1.0" encoding="UTF-8"?>
<!-- Generated by org.testng.reporters.JUnitReportReporter -->
<testsuite hostname="MP13NE4Y" name="testNG.SampleTestcase" tests="4" failures="0" timestamp="8 Jul 2020 06:50:48 GMT" time="0.017" errors="0">
  <testcase name="secondTestcase" time="0.003" classname="testNG.SampleTestcase"/>
  <testcase name="fourthTestcase" time="0.001" classname="testNG.SampleTestcase"/>
  <testcase name="thirdTestcase" time="0.002" classname="testNG.SampleTestcase"/>
  <testcase name="firstTestcase" time="0.011" classname="testNG.SampleTestcase"/>
</testsuite> <!-- testNG.SampleTestcase -->
