<?xml version="1.0" encoding="UTF-8"?>
<!-- Generated by org.testng.reporters.JUnitReportReporter -->
<testsuite hostname="MP13NE4Y" failures="0" tests="1" name="pageObjectModel.LoginTestCase" time="16.034" errors="0" timestamp="25 Jun 2020 12:41:14 GMT">
  <testcase classname="pageObjectModel.LoginTestCase" name="login" time="16.034"/>
</testsuite> <!-- pageObjectModel.LoginTestCase -->
